[16:33:25.140] [32mINFO[39m (24352): [36mServer listening[39m
    [35mport[39m: 3000
[16:33:29.767] [32mINFO[39m (24352): [36mrequest completed[39m
    [35mreq[39m: {
      "id": 1,
      "method": "GET",
      "url": "/"
    }
    [35mres[39m: {
      "statusCode": 200
    }
    [35mresponseTime[39m: 7
[16:33:38.886] [32mINFO[39m (24352): [36mOTP SMS queued by SMS-Gate[39m
    [35mphone[39m: "+91******96"
    [35mproviderStatus[39m: 202
    [35mproviderResponse[39m: {
      "id": "otp-1781694217944-e6jj8l",
      "deviceId": "_TjDaUxLlw-KwJeGln4Dl",
      "state": "Pending",
      "isHashed": false,
      "isEncrypted": false,
      "recipients": [
        {
          "phoneNumber": "+919776600696",
          "state": "Pending"
        }
      ],
      "states": {},
      "textMessage": {
        "text": "6637671 - you can use this for the Bhook Express."
      }
    }
[16:33:38.888] [32mINFO[39m (24352): [36mrequest completed[39m
    [35mreq[39m: {
      "id": 2,
      "method": "POST",
      "url": "/api/auth/send-otp"
    }
    [35mres[39m: {
      "statusCode": 200
    }
    [35mresponseTime[39m: 953
[16:34:05.458] [32mINFO[39m (24352): [36mrequest completed[39m
    [35mreq[39m: {
      "id": 3,
      "method": "POST",
      "url": "/api/auth/verify-otp"
    }
    [35mres[39m: {
      "statusCode": 200
    }
    [35mresponseTime[39m: 10772
[16:34:12.192] [32mINFO[39m (24352): [36mrequest completed[39m
    [35mreq[39m: {
      "id": 4,
      "method": "POST",
      "url": "/api/auth/verify-otp"
    }
    [35mres[39m: {
      "statusCode": 400
    }
    [35mresponseTime[39m: 2
[16:34:14.270] [32mINFO[39m (24352): [36mrequest completed[39m
    [35mreq[39m: {
      "id": 5,
      "method": "POST",
      "url": "/api/auth/verify-otp"
    }
    [35mres[39m: {
      "statusCode": 400
    }
    [35mresponseTime[39m: 2
[16:34:26.625] [32mINFO[39m (24352): [36mrequest completed[39m
    [35mreq[39m: {
      "id": 6,
      "method": "POST",
      "url": "/api/auth/verify-otp"
    }
    [35mres[39m: {
      "statusCode": 400
    }
    [35mresponseTime[39m: 1
[16:34:27.333] [32mINFO[39m (24352): [36mrequest completed[39m
    [35mreq[39m: {
      "id": 7,
      "method": "POST",
      "url": "/api/auth/verify-otp"
    }
    [35mres[39m: {
      "statusCode": 400
    }
    [35mresponseTime[39m: 1
[16:34:27.551] [32mINFO[39m (24352): [36mrequest completed[39m
    [35mreq[39m: {
      "id": 8,
      "method": "POST",
      "url": "/api/auth/verify-otp"
    }
    [35mres[39m: {
      "statusCode": 400
    }
    [35mresponseTime[39m: 2
[16:34:27.718] [32mINFO[39m (24352): [36mrequest completed[39m
    [35mreq[39m: {
      "id": 9,
      "method": "POST",
      "url": "/api/auth/verify-otp"
    }
    [35mres[39m: {
      "statusCode": 400
    }
    [35mresponseTime[39m: 2
[16:34:28.126] [32mINFO[39m (24352): [36mrequest completed[39m
    [35mreq[39m: {
      "id": 10,
      "method": "POST",
      "url": "/api/auth/verify-otp"
    }
    [35mres[39m: {
      "statusCode": 400
    }
    [35mresponseTime[39m: 2
[16:34:30.171] [32mINFO[39m (24352): [36mrequest completed[39m
    [35mreq[39m: {
      "id": 11,
      "method": "GET",
      "url": "/"
    }
    [35mres[39m: {
      "statusCode": 200
    }
    [35mresponseTime[39m: 4
[16:34:30.194] [32mINFO[39m (24352): [36mrequest completed[39m
    [35mreq[39m: {
      "id": 13,
      "method": "GET",
      "url": "/assets/index-DrA-usXn.css"
    }
    [35mres[39m: {
      "statusCode": 200
    }
    [35mresponseTime[39m: 3
[16:34:30.204] [32mINFO[39m (24352): [36mrequest completed[39m
    [35mreq[39m: {
      "id": 12,
      "method": "GET",
      "url": "/assets/index-DPUG46vi.js"
    }
    [35mres[39m: {
      "statusCode": 200
    }
    [35mresponseTime[39m: 13
[16:34:30.206] [32mINFO[39m (24352): [36mrequest completed[39m
    [35mreq[39m: {
      "id": 14,
      "method": "GET",
      "url": "/manifest.webmanifest"
    }
    [35mres[39m: {
      "statusCode": 200
    }
    [35mresponseTime[39m: 6
[16:34:30.355] [32mINFO[39m (24352): [36mrequest completed[39m
    [35mreq[39m: {
      "id": 15,
      "method": "GET",
      "url": "/favicon.svg"
    }
    [35mres[39m: {
      "statusCode": 200
    }
    [35mresponseTime[39m: 2
[16:34:30.359] [32mINFO[39m (24352): [36mrequest completed[39m
    [35mreq[39m: {
      "id": 16,
      "method": "GET",
      "url": "/favicon.svg"
    }
    [35mres[39m: {
      "statusCode": 304
    }
    [35mresponseTime[39m: 1
[16:34:31.862] [32mINFO[39m (24352): [36mrequest completed[39m
    [35mreq[39m: {
      "id": 17,
      "method": "GET",
      "url": "/assets/LoginPage-B3HClTpc.js"
    }
    [35mres[39m: {
      "statusCode": 304
    }
    [35mresponseTime[39m: 1
[16:34:31.863] [32mINFO[39m (24352): [36mrequest completed[39m
    [35mreq[39m: {
      "id": 18,
      "method": "GET",
      "url": "/assets/proxy-DGqTC-Dp.js"
    }
    [35mres[39m: {
      "statusCode": 304
    }
    [35mresponseTime[39m: 2
[16:34:32.712] [32mINFO[39m (24352): [36mrequest completed[39m
    [35mreq[39m: {
      "id": 19,
      "method": "GET",
      "url": "/assets/MenuPage-DAoRozS6.js"
    }
    [35mres[39m: {
      "statusCode": 200
    }
    [35mresponseTime[39m: 6
[16:34:32.712] [32mINFO[39m (24352): [36mrequest completed[39m
    [35mreq[39m: {
      "id": 20,
      "method": "GET",
      "url": "/assets/menuService-DxlXErrR.js"
    }
    [35mres[39m: {
      "statusCode": 200
    }
    [35mresponseTime[39m: 6
[16:34:32.715] [32mINFO[39m (24352): [36mrequest completed[39m
    [35mreq[39m: {
      "id": 21,
      "method": "GET",
      "url": "/assets/MenuCard-CHF8QMMW.js"
    }
    [35mres[39m: {
      "statusCode": 200
    }
    [35mresponseTime[39m: 7
[16:34:32.716] [32mINFO[39m (24352): [36mrequest completed[39m
    [35mreq[39m: {
      "id": 22,
      "method": "GET",
      "url": "/assets/plus-C0QV-Rhj.js"
    }
    [35mres[39m: {
      "statusCode": 200
    }
    [35mresponseTime[39m: 8
[16:34:32.717] [32mINFO[39m (24352): [36mrequest completed[39m
    [35mreq[39m: {
      "id": 23,
      "method": "GET",
      "url": "/assets/search-TCrMvPxx.js"
    }
    [35mres[39m: {
      "statusCode": 200
    }
    [35mresponseTime[39m: 7
[16:34:32.718] [32mINFO[39m (24352): [36mrequest completed[39m
    [35mreq[39m: {
      "id": 24,
      "method": "GET",
      "url": "/assets/index-NHuQv94_.js"
    }
    [35mres[39m: {
      "statusCode": 200
    }
    [35mresponseTime[39m: 7
[16:34:32.719] [32mINFO[39m (24352): [36mrequest completed[39m
    [35mreq[39m: {
      "id": 25,
      "method": "GET",
      "url": "/assets/index-D8g6Vse-.js"
    }
    [35mres[39m: {
      "statusCode": 200
    }
    [35mresponseTime[39m: 3
[16:35:03.552] [32mINFO[39m (24352): [36mrequest completed[39m
    [35mreq[39m: {
      "id": 26,
      "method": "GET",
      "url": "/admin/menu"
    }
    [35mres[39m: {
      "statusCode": 200
    }
    [35mresponseTime[39m: 3
[16:35:03.594] [32mINFO[39m (24352): [36mrequest completed[39m
    [35mreq[39m: {
      "id": 28,
      "method": "GET",
      "url": "/assets/index-DrA-usXn.css"
    }
    [35mres[39m: {
      "statusCode": 200
    }
    [35mresponseTime[39m: 2
[16:35:03.598] [32mINFO[39m (24352): [36mrequest completed[39m
    [35mreq[39m: {
      "id": 27,
      "method": "GET",
      "url": "/assets/index-DPUG46vi.js"
    }
    [35mres[39m: {
      "statusCode": 200
    }
    [35mresponseTime[39m: 7
[16:35:03.617] [32mINFO[39m (24352): [36mrequest completed[39m
    [35mreq[39m: {
      "id": 29,
      "method": "GET",
      "url": "/manifest.webmanifest"
    }
    [35mres[39m: {
      "statusCode": 200
    }
    [35mresponseTime[39m: 2
[16:35:03.866] [32mINFO[39m (24352): [36mrequest completed[39m
    [35mreq[39m: {
      "id": 30,
      "method": "GET",
      "url": "/favicon.svg"
    }
    [35mres[39m: {
      "statusCode": 200
    }
    [35mresponseTime[39m: 2
[16:35:03.867] [32mINFO[39m (24352): [36mrequest completed[39m
    [35mreq[39m: {
      "id": 31,
      "method": "GET",
      "url": "/favicon.svg"
    }
    [35mres[39m: {
      "statusCode": 304
    }
    [35mresponseTime[39m: 1
[16:35:05.281] [32mINFO[39m (24352): [36mrequest completed[39m
    [35mreq[39m: {
      "id": 32,
      "method": "GET",
      "url": "/assets/MenuManagement-DWxitjv0.js"
    }
    [35mres[39m: {
      "statusCode": 200
    }
    [35mresponseTime[39m: 3
[16:35:05.285] [32mINFO[39m (24352): [36mrequest completed[39m
    [35mreq[39m: {
      "id": 33,
      "method": "GET",
      "url": "/assets/menuService-DxlXErrR.js"
    }
    [35mres[39m: {
      "statusCode": 200
    }
    [35mresponseTime[39m: 5
[16:35:05.287] [32mINFO[39m (24352): [36mrequest completed[39m
    [35mreq[39m: {
      "id": 34,
      "method": "GET",
      "url": "/assets/storageService-BrM3FB9M.js"
    }
    [35mres[39m: {
      "statusCode": 200
    }
    [35mresponseTime[39m: 7
[16:35:05.289] [32mINFO[39m (24352): [36mrequest completed[39m
    [35mreq[39m: {
      "id": 35,
      "method": "GET",
      "url": "/assets/index-D8g6Vse-.js"
    }
    [35mres[39m: {
      "statusCode": 200
    }
    [35mresponseTime[39m: 7
[16:35:05.290] [32mINFO[39m (24352): [36mrequest completed[39m
    [35mreq[39m: {
      "id": 36,
      "method": "GET",
      "url": "/assets/plus-C0QV-Rhj.js"
    }
    [35mres[39m: {
      "statusCode": 200
    }
    [35mresponseTime[39m: 6
[16:35:05.291] [32mINFO[39m (24352): [36mrequest completed[39m
    [35mreq[39m: {
      "id": 37,
      "method": "GET",
      "url": "/assets/index-NHuQv94_.js"
    }
    [35mres[39m: {
      "statusCode": 200
    }
    [35mresponseTime[39m: 7
[16:35:05.293] [32mINFO[39m (24352): [36mrequest completed[39m
    [35mreq[39m: {
      "id": 38,
      "method": "GET",
      "url": "/assets/proxy-DGqTC-Dp.js"
    }
    [35mres[39m: {
      "statusCode": 200
    }
    [35mresponseTime[39m: 7
[16:35:05.293] [32mINFO[39m (24352): [36mrequest completed[39m
    [35mreq[39m: {
      "id": 39,
      "method": "GET",
      "url": "/assets/trash-2-rkunaiP8.js"
    }
    [35mres[39m: {
      "statusCode": 200
    }
    [35mresponseTime[39m: 2
[16:40:20.160] [32mINFO[39m (24352): [36mrequest completed[39m
    [35mreq[39m: {
      "id": 40,
      "method": "GET",
      "url": "/"
    }
    [35mres[39m: {
      "statusCode": 200
    }
    [35mresponseTime[39m: 1
[16:40:20.174] [32mINFO[39m (24352): [36mrequest completed[39m
    [35mreq[39m: {
      "id": 42,
      "method": "GET",
      "url": "/assets/index-DrA-usXn.css"
    }
    [35mres[39m: {
      "statusCode": 200
    }
    [35mresponseTime[39m: 3
[16:40:20.185] [32mINFO[39m (24352): [36mrequest completed[39m
    [35mreq[39m: {
      "id": 43,
      "method": "GET",
      "url": "/manifest.webmanifest"
    }
    [35mres[39m: {
      "statusCode": 200
    }
    [35mresponseTime[39m: 2
[16:40:20.197] [32mINFO[39m (24352): [36mrequest completed[39m
    [35mreq[39m: {
      "id": 41,
      "method": "GET",
      "url": "/assets/index-DPUG46vi.js"
    }
    [35mres[39m: {
      "statusCode": 200
    }
    [35mresponseTime[39m: 26
[16:40:20.297] [32mINFO[39m (24352): [36mrequest completed[39m
    [35mreq[39m: {
      "id": 44,
      "method": "GET",
      "url": "/favicon.svg"
    }
    [35mres[39m: {
      "statusCode": 200
    }
    [35mresponseTime[39m: 2
[16:40:20.301] [32mINFO[39m (24352): [36mrequest completed[39m
    [35mreq[39m: {
      "id": 45,
      "method": "GET",
      "url": "/favicon.svg"
    }
    [35mres[39m: {
      "statusCode": 304
    }
    [35mresponseTime[39m: 2
[16:40:21.806] [32mINFO[39m (24352): [36mrequest completed[39m
    [35mreq[39m: {
      "id": 46,
      "method": "GET",
      "url": "/assets/LoginPage-B3HClTpc.js"
    }
    [35mres[39m: {
      "statusCode": 304
    }
    [35mresponseTime[39m: 1
[16:40:21.806] [32mINFO[39m (24352): [36mrequest completed[39m
    [35mreq[39m: {
      "id": 47,
      "method": "GET",
      "url": "/assets/proxy-DGqTC-Dp.js"
    }
    [35mres[39m: {
      "statusCode": 304
    }
    [35mresponseTime[39m: 1
[16:40:21.833] [32mINFO[39m (24352): [36mrequest completed[39m
    [35mreq[39m: {
      "id": 48,
      "method": "GET",
      "url": "/sw.js"
    }
    [35mres[39m: {
      "statusCode": 304
    }
    [35mresponseTime[39m: 1
[16:40:21.849] [32mINFO[39m (24352): [36mrequest completed[39m
    [35mreq[39m: {
      "id": 49,
      "method": "GET",
      "url": "/assets/MenuPage-DAoRozS6.js"
    }
    [35mres[39m: {
      "statusCode": 200
    }
    [35mresponseTime[39m: 2
[16:40:21.849] [32mINFO[39m (24352): [36mrequest completed[39m
    [35mreq[39m: {
      "id": 50,
      "method": "GET",
      "url": "/assets/menuService-DxlXErrR.js"
    }
    [35mres[39m: {
      "statusCode": 200
    }
    [35mresponseTime[39m: 2
[16:40:21.854] [32mINFO[39m (24352): [36mrequest completed[39m
    [35mreq[39m: {
      "id": 54,
      "method": "GET",
      "url": "/assets/index-D8g6Vse-.js"
    }
    [35mres[39m: {
      "statusCode": 304
    }
    [35mresponseTime[39m: 1
[16:40:21.855] [32mINFO[39m (24352): [36mrequest completed[39m
    [35mreq[39m: {
      "id": 51,
      "method": "GET",
      "url": "/assets/MenuCard-CHF8QMMW.js"
    }
    [35mres[39m: {
      "statusCode": 200
    }
    [35mresponseTime[39m: 5
[16:40:21.856] [32mINFO[39m (24352): [36mrequest completed[39m
    [35mreq[39m: {
      "id": 52,
      "method": "GET",
      "url": "/assets/search-TCrMvPxx.js"
    }
    [35mres[39m: {
      "statusCode": 200
    }
    [35mresponseTime[39m: 6
[16:40:21.857] [32mINFO[39m (24352): [36mrequest completed[39m
    [35mreq[39m: {
      "id": 53,
      "method": "GET",
      "url": "/assets/plus-C0QV-Rhj.js"
    }
    [35mres[39m: {
      "statusCode": 200
    }
    [35mresponseTime[39m: 6
[16:40:21.858] [32mINFO[39m (24352): [36mrequest completed[39m
    [35mreq[39m: {
      "id": 55,
      "method": "GET",
      "url": "/assets/index-NHuQv94_.js"
    }
    [35mres[39m: {
      "statusCode": 200
    }
    [35mresponseTime[39m: 5
